<?xml version="1.0" encoding="UTF-8"?>
<!-- Generated by org.testng.reporters.JUnitXMLReporter -->
<testsuite ignored="2" hostname="LAPTOP-0NN6H2BM" failures="0" tests="6" name="Combine Test" time="0.052" errors="0" timestamp="27 3月 2022 09:55:46 GMT">
  <testcase classname="Test_02.Firstclass" name="secondTest" time="0.011"/>
  <testcase classname="Test_01.Fistclass" name="firstTest" time="0.002"/>
  <testcase classname="Test_01.Fistclass" name="secondTest" time="0.002"/>
  <testcase classname="Test_02.Secondclass" name="firstTest" time="0.002"/>
  <testcase classname="Test_01.Secondclass" name="firstTest" time="0.002"/>
  <testcase classname="Test_01.Secondclass" name="secondTest" time="0.002"/>
  <testcase classname="Test_02.Firstclass" name="firstTest" time="0.0">
    <ignored/>
  </testcase> <!-- firstTest -->
  <testcase classname="Test_02.Secondclass" name="secondTest" time="0.0">
    <ignored/>
  </testcase> <!-- secondTest -->
</testsuite> <!-- Combine Test -->
