<?xml version="1.0" encoding="UTF-8"?>
<!-- Generated by org.testng.reporters.JUnitXMLReporter -->
<testsuite ignored="2" hostname="LAPTOP-0NN6H2BM" failures="0" tests="2" name="FirstTest" time="0.033" errors="0" timestamp="27 3月 2022 09:22:19 GMT">
  <testcase classname="Test_01.Fistclass" name="firstTest" time="0.007"/>
  <testcase classname="Test_02.Firstclass" name="firstTest" time="0.001"/>
  <testcase classname="Test_01.Fistclass" name="secondTest" time="0.0">
    <ignored/>
  </testcase> <!-- secondTest -->
  <testcase classname="Test_02.Firstclass" name="secondTest" time="0.0">
    <ignored/>
  </testcase> <!-- secondTest -->
</testsuite> <!-- FirstTest -->
