<?xml version="1.0" encoding="UTF-8"?>
<!-- Generated by org.testng.reporters.JUnitReportReporter -->
<testsuite hostname="LAPTOP-0NN6H2BM" failures="0" tests="3" name="Test_04.Priority.TestAnotation" time="0.014" errors="0" timestamp="28 3月 2022 15:38:35 GMT" skipped="0">
  <testcase classname="Test_04.Priority.TestAnotation" name="method2" time="0.010"/>
  <testcase classname="Test_04.Priority.TestAnotation" name="method1" time="0.002"/>
  <testcase classname="Test_04.Priority.TestAnotation" name="method3" time="0.002"/>
</testsuite> <!-- Test_04.Priority.TestAnotation -->
